\BOOKMARK [1][-]{section.1}{Introduction}{}% 1
\BOOKMARK [2][-]{subsection.1.1}{Electric Circuits:}{section.1}% 2
\BOOKMARK [2][-]{subsection.1.2}{Electical Current:}{section.1}% 3
\BOOKMARK [3][-]{subsubsection.1.2.1}{Direct and Alternating Current:}{subsection.1.2}% 4
\BOOKMARK [3][-]{subsubsection.1.2.2}{Notation for Current}{subsection.1.2}% 5
\BOOKMARK [2][-]{subsection.1.3}{Voltage}{section.1}% 6
\BOOKMARK [2][-]{subsection.1.4}{Ideal Circuit Elements:}{section.1}% 7
\BOOKMARK [3][-]{subsubsection.1.4.1}{Ideal Conductor:}{subsection.1.4}% 8
\BOOKMARK [3][-]{subsubsection.1.4.2}{Sources:}{subsection.1.4}% 9
\BOOKMARK [3][-]{subsubsection.1.4.3}{Resistors}{subsection.1.4}% 10
\BOOKMARK [2][-]{subsection.1.5}{Power and Energy}{section.1}% 11
\BOOKMARK [3][-]{subsubsection.1.5.1}{Power in Resistors}{subsection.1.5}% 12
\BOOKMARK [3][-]{subsubsection.1.5.2}{Energy}{subsection.1.5}% 13
\BOOKMARK [2][-]{subsection.1.6}{Kirchoff's Laws}{section.1}% 14
\BOOKMARK [3][-]{subsubsection.1.6.1}{Kirchoff's Current Law \(KCL\)}{subsection.1.6}% 15
\BOOKMARK [3][-]{subsubsection.1.6.2}{Kirchoff's Voltage Law \(KVL\)}{subsection.1.6}% 16
\BOOKMARK [2][-]{subsection.1.7}{Series and Parallel Circuits}{section.1}% 17
\BOOKMARK [3][-]{subsubsection.1.7.1}{Series Circuits}{subsection.1.7}% 18
\BOOKMARK [2][-]{subsection.1.8}{Parallel Circuits}{section.1}% 19
\BOOKMARK [1][-]{section.2}{Resistive Circuits}{}% 20
\BOOKMARK [2][-]{subsection.2.1}{Series and Parallel Resistance}{section.2}% 21
\BOOKMARK [3][-]{subsubsection.2.1.1}{Series Resistance}{subsection.2.1}% 22
\BOOKMARK [3][-]{subsubsection.2.1.2}{}{subsection.2.1}% 23
\BOOKMARK [1][-]{section.3}{Operational Amplifiers}{}% 24
\BOOKMARK [1][-]{section.4}{Capacitors and Inductors}{}% 25
\BOOKMARK [1][-]{section.5}{Sinusoidal Currents and Voltages}{}% 26
\BOOKMARK [1][-]{section.6}{DC Machines}{}% 27
